#! /usr/local/bin/vvp
:ivl_version "12.0 (devel)" "(s20150603-1107-ga446c34d)";
:ivl_delay_selection "TYPICAL";
:vpi_time_precision + 0;
:vpi_module "/usr/local/lib/ivl/system.vpi";
:vpi_module "/usr/local/lib/ivl/vhdl_sys.vpi";
:vpi_module "/usr/local/lib/ivl/vhdl_textio.vpi";
:vpi_module "/usr/local/lib/ivl/v2005_math.vpi";
:vpi_module "/usr/local/lib/ivl/va_math.vpi";
S_0x55bec6134dc0 .scope module, "ycr_arb" "ycr_arb" 2 68;
 .timescale 0 0;
    .port_info 0 /INPUT 1 "clk";
    .port_info 1 /INPUT 1 "rstn";
    .port_info 2 /INPUT 2 "req";
    .port_info 3 /INPUT 1 "ack";
    .port_info 4 /OUTPUT 2 "gnt";
P_0x55bec6134f50 .param/l "FSM_GRANT0" 0 2 82, C4<00>;
P_0x55bec6134f90 .param/l "FSM_GRANT1" 0 2 83, C4<01>;
P_0x55bec6134fd0 .param/l "GRANT0" 0 2 86, C4<00>;
P_0x55bec6135010 .param/l "GRANT1" 0 2 87, C4<01>;
P_0x55bec6135050 .param/l "GRANTX" 0 2 88, C4<11>;
P_0x55bec6135090 .param/l "WAIT_ACK" 0 2 84, C4<10>;
o0x7f7d3daf2018 .functor BUFZ 1, C4<z>; HiZ drive
v0x55bec615d2a0_0 .net "ack", 0 0, o0x7f7d3daf2018;  0 drivers
o0x7f7d3daf2048 .functor BUFZ 1, C4<z>; HiZ drive
v0x55bec6185ab0_0 .net "clk", 0 0, o0x7f7d3daf2048;  0 drivers
v0x55bec6185b70_0 .var "gnt", 1 0;
v0x55bec6185c60_0 .var "gnt_l", 1 0;
v0x55bec6185d40_0 .var "gstate", 1 0;
v0x55bec6185e70_0 .var "next_gstate", 1 0;
v0x55bec6185f50_0 .var "next_state", 1 0;
o0x7f7d3daf2168 .functor BUFZ 2, C4<zz>; HiZ drive
v0x55bec6186030_0 .net "req", 1 0, o0x7f7d3daf2168;  0 drivers
o0x7f7d3daf2198 .functor BUFZ 1, C4<z>; HiZ drive
v0x55bec6186110_0 .net "rstn", 0 0, o0x7f7d3daf2198;  0 drivers
v0x55bec61861d0_0 .var "state", 1 0;
E_0x55bec6135430 .event anyedge, v0x55bec6186030_0, v0x55bec61861d0_0;
E_0x55bec616e1b0/0 .event negedge, v0x55bec6186110_0;
E_0x55bec616e1b0/1 .event posedge, v0x55bec6185ab0_0;
E_0x55bec616e1b0 .event/or E_0x55bec616e1b0/0, E_0x55bec616e1b0/1;
    .scope S_0x55bec6134dc0;
T_0 ;
    %wait E_0x55bec616e1b0;
    %load/vec4 v0x55bec6186110_0;
    %nor/r;
    %flag_set/vec4 8;
    %jmp/0xz  T_0.0, 8;
    %pushi/vec4 0, 0, 2;
    %assign/vec4 v0x55bec61861d0_0, 0;
    %pushi/vec4 0, 0, 2;
    %assign/vec4 v0x55bec6185d40_0, 0;
    %pushi/vec4 3, 0, 2;
    %assign/vec4 v0x55bec6185c60_0, 0;
    %jmp T_0.1;
T_0.0 ;
    %load/vec4 v0x55bec6185b70_0;
    %assign/vec4 v0x55bec6185c60_0, 0;
    %load/vec4 v0x55bec6185f50_0;
    %assign/vec4 v0x55bec61861d0_0, 0;
    %load/vec4 v0x55bec6185e70_0;
    %assign/vec4 v0x55bec6185d40_0, 0;
T_0.1 ;
    %jmp T_0;
    .thread T_0;
    .scope S_0x55bec6134dc0;
T_1 ;
    %wait E_0x55bec6135430;
    %load/vec4 v0x55bec6185c60_0;
    %store/vec4 v0x55bec6185b70_0, 0, 2;
    %load/vec4 v0x55bec61861d0_0;
    %store/vec4 v0x55bec6185f50_0, 0, 2;
    %load/vec4 v0x55bec6185d40_0;
    %store/vec4 v0x55bec6185e70_0, 0, 2;
    %load/vec4 v0x55bec61861d0_0;
    %dup/vec4;
    %pushi/vec4 0, 0, 2;
    %cmp/u;
    %jmp/1 T_1.0, 6;
    %dup/vec4;
    %pushi/vec4 1, 0, 2;
    %cmp/u;
    %jmp/1 T_1.1, 6;
    %dup/vec4;
    %pushi/vec4 2, 0, 2;
    %cmp/u;
    %jmp/1 T_1.2, 6;
    %jmp T_1.3;
T_1.0 ;
    %load/vec4 v0x55bec6186030_0;
    %parti/s 1, 0, 2;
    %flag_set/vec4 8;
    %jmp/0xz  T_1.4, 8;
    %pushi/vec4 0, 0, 2;
    %store/vec4 v0x55bec6185b70_0, 0, 2;
    %pushi/vec4 1, 0, 2;
    %store/vec4 v0x55bec6185e70_0, 0, 2;
    %pushi/vec4 2, 0, 2;
    %store/vec4 v0x55bec6185f50_0, 0, 2;
    %jmp T_1.5;
T_1.4 ;
    %load/vec4 v0x55bec6186030_0;
    %parti/s 1, 1, 2;
    %flag_set/vec4 8;
    %jmp/0xz  T_1.6, 8;
    %pushi/vec4 1, 0, 2;
    %store/vec4 v0x55bec6185b70_0, 0, 2;
    %pushi/vec4 0, 0, 2;
    %store/vec4 v0x55bec6185e70_0, 0, 2;
    %pushi/vec4 2, 0, 2;
    %store/vec4 v0x55bec6185f50_0, 0, 2;
T_1.6 ;
T_1.5 ;
    %jmp T_1.3;
T_1.1 ;
    %load/vec4 v0x55bec6186030_0;
    %parti/s 1, 1, 2;
    %flag_set/vec4 8;
    %jmp/0xz  T_1.8, 8;
    %pushi/vec4 1, 0, 2;
    %store/vec4 v0x55bec6185b70_0, 0, 2;
    %pushi/vec4 0, 0, 2;
    %store/vec4 v0x55bec6185e70_0, 0, 2;
    %pushi/vec4 2, 0, 2;
    %store/vec4 v0x55bec6185f50_0, 0, 2;
    %jmp T_1.9;
T_1.8 ;
    %load/vec4 v0x55bec6186030_0;
    %parti/s 1, 0, 2;
    %flag_set/vec4 8;
    %jmp/0xz  T_1.10, 8;
    %pushi/vec4 0, 0, 2;
    %store/vec4 v0x55bec6185b70_0, 0, 2;
    %pushi/vec4 1, 0, 2;
    %store/vec4 v0x55bec6185e70_0, 0, 2;
    %pushi/vec4 2, 0, 2;
    %store/vec4 v0x55bec6185f50_0, 0, 2;
T_1.10 ;
T_1.9 ;
    %jmp T_1.3;
T_1.2 ;
    %load/vec4 v0x55bec615d2a0_0;
    %flag_set/vec4 8;
    %jmp/0xz  T_1.12, 8;
    %load/vec4 v0x55bec6185e70_0;
    %store/vec4 v0x55bec6185f50_0, 0, 2;
T_1.12 ;
    %jmp T_1.3;
T_1.3 ;
    %pop/vec4 1;
    %jmp T_1;
    .thread T_1, $push;
# The file index is used to find the file name in the following table.
:file_names 3;
    "N/A";
    "<interactive>";
    "ycr_arb.sv";
